mpirun -np 1 ./mst valou.in kruskal-seq
1 70 693
1 157 767
1 353 598
1 500 733
1 507 927
2 908 925
3 1 751
3 617 715
4 135 742
4 205 482
4 719 755
5 2 432
5 16 240
5 17 631
5 62 612
5 79 156
5 80 236
5 134 638
5 162 813
5 226 697
5 272 613
5 591 844
6 89 446
6 101 374
6 461 509
6 718 887
6 774 806
7 14 601
7 42 983
7 114 754
7 166 435
7 315 924
7 375 391
7 515 743
7 516 587
7 599 998
7 680 732
8 178 606
8 216 644
8 379 518
8 418 575
9 143 556
10 173 900
10 231 591
10 330 504
10 383 920
10 718 957
10 744 932
10 824 973
11 202 310
11 275 558
11 477 837
12 64 184
12 76 776
12 93 223
12 332 777
12 427 717
13 254 839
13 597 797
14 484 720
14 506 747
15 6 723
15 154 917
15 389 658
16 392 526
16 430 591
16 551 972
16 596 602
16 869 948
17 285 464
17 376 775
17 491 709
17 492 911
17 509 613
17 662 833
18 130 492
18 167 711
18 196 422
18 211 635
18 522 695
19 53 917
19 121 992
19 226 398
19 330 807
19 398 802
19 788 854
20 1 125
20 577 646
20 722 844
21 152 394
21 479 805
21 718 843
21 747 806
22 124 244
22 353 919
22 576 776
23 30 524
23 101 856
23 444 486
23 503 549
24 48 929
24 154 636
24 158 202
24 216 364
24 302 789
24 386 522
24 447 722
24 486 952
25 48 781
25 148 968
25 397 687
25 523 643
25 589 895
26 10 65
26 247 723
26 467 801
26 607 671
26 634 966
26 834 839
27 117 861
27 416 976
28 111 384
28 258 581
28 573 793
28 745 790
29 213 977
29 233 713
29 293 805
29 344 710
29 564 747
30 88 571
30 98 569
30 195 209
31 102 667
31 214 426
31 340 853
31 367 650
31 368 505
32 215 778
33 18 462
33 118 954
33 167 601
34 42 836
34 262 979
34 342 469
34 359 820
34 454 599
34 772 846
35 404 436
35 628 762
35 629 720
36 770 912
37 129 868
37 256 545
37 461 785
38 351 522
38 511 706
39 216 390
40 310 864
40 386 504
40 391 431
40 655 695
41 98 633
41 190 207
41 662 919
42 141 642
42 509 526
42 816 958
43 21 328
43 24 762
43 364 599
43 373 409
43 792 829
44 303 899
44 767 899
44 886 991
45 101 555
45 197 511
45 260 368
45 873 901
46 105 533
46 296 944
46 358 640
47 7 902
47 180 758
48 338 430
48 359 857
48 537 870
48 869 936
49 29 756
49 257 692
49 517 527
50 46 47
50 89 648
50 451 563
51 314 629
51 382 978
51 490 881
52 68 129
52 281 886
52 300 810
52 477 983
52 706 977
53 10 506
53 227 717
53 264 994
53 306 389
53 823 838
54 177 616
54 243 876
54 291 606
54 387 721
55 18 500
55 57 219
55 159 448
55 161 658
55 566 610
55 675 724
56 222 295
56 304 349
56 609 795
56 610 716
56 827 891
57 67 501
57 315 896
57 555 793
58 123 990
58 431 947
58 824 988
59 200 478
59 321 988
59 645 841
60 85 96
60 142 181
60 236 752
60 537 772
60 784 896
61 157 468
61 642 665
61 704 910
62 183 374
62 196 664
62 223 698
62 383 624
62 405 963
63 20 309
63 553 638
63 558 744
63 568 774
63 605 766
63 807 958
64 25 231
64 256 463
64 354 887
65 96 923
65 555 832
65 640 982
66 350 658
66 671 932
67 16 272
67 36 876
67 90 176
67 119 754
67 665 780
68 81 830
68 90 960
68 226 893
68 408 453
68 538 617
69 271 749
69 337 393
69 354 986
69 554 574
69 641 949
70 31 870
70 44 768
70 109 983
70 330 357
71 118 822
71 414 497
71 500 922
71 560 959
71 620 776
72 89 992
72 121 779
72 401 845
72 634 934
73 63 836
73 74 119
73 190 549
73 347 944
73 549 831
73 786 984
74 220 966
74 436 547
74 607 906
74 658 845
75 64 606
75 121 978
75 644 880
76 305 548
76 439 730
76 543 579
76 627 935
77 262 778
77 388 609
77 577 578
77 585 804
77 969 991
78 177 552
79 27 514
79 77 885
79 387 703
79 529 925
79 684 836
80 400 593
80 655 704
80 842 856
80 916 937
81 330 879
83 226 920
83 294 297
83 397 548
83 868 949
84 278 965
84 559 577
84 635 663
84 837 875
85 153 527
85 222 501
85 458 860
86 192 759
86 534 846
86 591 670
86 599 683
87 66 798
87 124 929
87 175 555
87 468 473
87 865 909
88 185 498
88 388 761
88 506 823
88 552 796
88 901 978
89 295 381
89 399 437
89 508 809
89 618 650
90 41 338
90 175 334
90 504 625
90 531 969
91 585 629
91 742 987
92 115 203
92 224 895
92 444 825
93 65 808
93 188 994
93 274 562
93 489 559
94 76 544
94 137 301
94 234 873
94 246 661
94 249 773
94 362 541
95 68 142
95 72 245
95 101 965
95 195 869
95 199 292
95 229 302
95 329 729
95 668 989
96 91 535
96 351 447
97 36 524
97 58 642
97 78 678
97 157 445
98 263 844
98 466 917
98 530 909
99 322 325
99 731 943
99 910 934
100 166 318
100 333 564
100 426 860
100 474 499
100 733 947
101 476 580
101 487 701
102 17 479
102 63 381
102 595 625
102 829 947
103 858 964
104 153 305
104 191 221
104 278 910
104 370 742
104 503 905
105 200 325
105 495 895
106 18 182
106 38 887
106 855 984
107 56 226
107 69 531
107 507 888
107 688 946
108 68 310
108 123 247
108 279 737
108 356 766
109 73 677
109 150 644
109 170 225
109 183 847
109 441 799
110 125 494
111 385 641
111 636 742
112 159 948
112 239 953
112 278 348
112 391 531
113 37 43
113 103 483
113 287 711
113 449 564
113 461 746
113 646 944
114 165 769
114 656 787
114 714 795
115 64 283
115 243 987
116 46 777
116 102 233
116 132 286
116 203 559
117 3 478
118 104 996
118 147 629
118 158 233
118 335 712
118 439 933
119 301 648
119 358 412
119 524 854
119 661 853
120 146 361
120 163 517
120 784 947
120 862 885
121 252 985
121 484 840
121 607 962
121 677 721
121 750 894
122 59 700
122 97 601
122 110 627
122 134 172
122 173 779
122 238 902
122 608 966
122 761 838
123 0 562
123 258 917
123 378 808
123 411 604
123 442 642
123 515 573
124 49 660
124 317 456
124 873 950
124 935 955
125 181 466
125 360 724
125 378 686
125 466 924
125 577 929
125 884 900
127 10 367
127 97 797
127 109 711
127 157 799
127 208 433
127 471 875
127 540 706
128 51 992
128 120 676
128 134 706
128 388 820
128 828 854
129 72 169
129 300 604
129 477 594
129 561 743
130 13 843
130 192 832
130 265 959
130 771 789
131 48 780
131 456 803
131 458 901
131 799 984
132 0 651
132 111 744
132 122 419
132 356 538
132 357 518
132 520 958
132 651 721
133 0 537
133 193 724
133 314 812
133 657 934
134 80 684
134 136 400
134 262 875
134 305 438
134 622 731
135 37 591
135 300 661
135 352 403
136 189 735
136 193 912
136 726 792
137 10 997
137 287 446
137 294 956
137 405 734
138 204 691
138 481 719
139 106 533
139 660 956
139 727 993
140 168 631
140 774 790
140 851 861
141 85 779
141 620 857
141 753 816
142 102 523
142 340 876
142 355 415
142 827 985
143 44 54
143 85 309
143 379 588
143 457 786
143 485 896
144 56 643
144 68 734
144 169 690
144 194 472
145 4 541
145 102 313
145 130 143
145 695 889
145 921 952
146 397 900
147 75 636
147 124 406
147 438 758
147 530 593
147 712 744
148 15 177
148 69 654
148 192 270
148 226 691
148 257 753
148 861 899
149 328 894
149 428 903
149 455 825
150 60 103
151 1 723
151 17 284
151 68 815
151 165 918
151 254 929
152 26 342
152 661 989
153 164 785
153 406 497
153 552 827
154 32 898
154 75 955
155 402 685
155 448 838
155 452 938
155 590 981
155 702 975
156 147 273
156 224 548
156 434 477
157 360 588
157 477 951
158 8 379
158 75 472
158 427 651
158 813 909
159 105 146
159 141 161
159 189 554
159 481 683
159 567 812
159 577 973
159 688 787
160 209 914
160 217 742
160 318 691
160 333 705
160 390 766
161 162 478
161 230 668
161 796 994
162 133 794
162 501 842
163 252 386
163 523 696
163 545 741
164 74 964
164 82 260
164 133 341
164 182 288
164 194 983
164 631 716
165 91 679
165 139 583
165 489 866
165 769 984
166 277 761
166 339 440
166 616 751
167 44 147
167 341 740
167 587 935
168 127 315
168 144 440
168 364 775
169 5 214
169 49 300
169 83 191
169 212 582
169 239 289
169 631 711
170 160 708
171 354 962
172 118 148
172 137 575
172 504 699
173 71 529
173 77 560
173 144 478
173 168 314
173 262 748
173 527 872
174 260 890
174 283 395
175 57 922
175 606 863
175 720 959
176 182 358
176 187 603
176 279 550
176 324 730
176 493 824
176 584 974
177 29 871
177 86 748
177 95 451
177 131 829
177 199 625
177 353 923
177 431 811
177 490 895
177 676 889
179 103 830
179 220 511
179 486 525
180 50 579
180 397 464
180 664 877
181 73 617
181 344 370
181 378 983
181 507 818
181 652 862
181 764 942
182 47 54
183 245 640
183 927 972
184 18 605
184 40 752
184 261 383
184 444 945
184 487 692
185 159 380
186 98 309
186 280 457
186 302 859
186 548 821
186 915 996
187 22 875
187 178 894
187 707 902
188 112 525
189 105 406
189 249 321
190 240 663
190 492 711
191 193 809
192 100 488
192 613 856
192 730 940
193 108 366
193 195 218
194 21 789
194 90 535
194 284 407
194 419 791
194 474 804
194 637 765
195 58 953
195 243 417
195 371 932
195 435 892
196 468 615
197 106 955
197 367 373
197 476 585
198 66 412
198 78 440
198 166 486
198 196 209
198 255 542
199 59 367
199 324 950
199 422 666
199 507 769
200 457 470
201 502 996
201 822 955
202 16 483
202 119 338
202 317 485
202 446 727
203 64 145
203 82 268
203 353 980
203 850 969
204 48 290
205 218 366
206 250 552
206 537 551
206 841 852
207 58 325
207 118 789
209 14 628
209 259 930
209 688 714
210 12 448
210 393 752
211 17 174
211 90 188
211 326 870
211 409 735
212 133 639
212 669 695
213 104 760
215 11 192
215 210 975
215 224 421
215 574 586
216 892 928
218 83 880
218 92 95
218 413 733
218 541 883
218 694 977
219 708 803
220 372 829
220 605 915
222 197 817
222 791 940
223 116 350
223 321 737
223 429 500
223 528 856
225 40 602
225 268 869
225 345 543
226 70 655
227 55 706
228 308 372
230 899 903
231 4 122
231 39 348
231 190 253
232 35 703
232 47 925
232 54 622
232 66 327
233 220 557
233 563 638
233 698 784
234 87 299
234 181 352
234 287 765
235 196 424
235 227 672
236 354 627
237 489 565
237 902 987
238 396 932
239 151 179
239 230 611
239 275 639
239 319 351
240 208 557
240 460 681
240 600 904
241 30 819
241 321 835
241 623 849
242 377 740
243 20 267
243 95 571
243 129 763
243 406 584
243 608 741
244 346 700
244 749 757
245 63 645
245 603 923
246 696 939
246 860 999
247 404 698
248 543 630
249 132 447
249 442 510
250 34 396
250 50 617
250 415 661
251 491 830
252 87 293
252 171 646
252 324 342
252 336 772
252 804 981
253 302 619
254 28 276
255 513 839
256 248 828
258 340 930
259 198 802
259 324 459
260 139 681
261 502 975
261 590 995
262 35 251
262 316 781
265 138 912
265 156 886
265 482 567
265 678 739
266 29 536
266 86 453
268 496 667
269 800 967
272 186 545
272 276 543
273 475 617
273 909 913
274 673 901
277 37 898
277 105 151
278 201 592
280 659 848
281 343 632
282 273 937
284 298 890
286 121 514
286 268 674
288 539 892
288 848 854
290 373 725
290 443 522
291 365 579
291 904 952
293 115 867
294 402 975
294 548 874
295 51 961
298 59 465
299 632 938
300 207 386
300 269 720
301 224 782
301 237 977
302 425 907
303 10 271
303 128 172
307 851 907
310 228 491
311 363 954
312 233 878
313 156 572
314 96 621
315 15 971
315 107 701
315 225 753
315 498 899
317 615 882
318 2 87
319 459 583
320 26 349
320 100 782
320 330 536
321 213 647
321 304 897
322 322 849
324 45 576
324 61 245
324 394 635
325 201 600
327 241 786
329 542 573
331 155 531
331 311 438
334 94 780
336 212 678
336 393 437
337 126 951
338 369 635
338 418 626
339 732 871
340 122 967
340 616 926
341 113 766
342 287 307
347 33 938
349 31 480
350 33 908
354 764 858
356 232 299
356 242 507
361 99 100
361 149 305
364 285 931
368 9 865
370 371 801
376 612 986
378 217 519
381 52 382
382 590 976
383 84 634
386 128 282
386 398 450
387 140 672
387 151 728
389 329 735
390 25 826
391 292 532
395 323 802
401 570 995
403 653 806
406 512 753
415 23 154
416 342 521
432 266 916
435 367 649
452 76 941
452 168 320
452 331 443
467 748 783
468 423 500
475 836 970
476 294 689
482 420 535
487 170 814
488 312 935
502 546 821
518 453 738
519 19 884
529 235 680
599 116 410
601 206 452
607 398 682
623 176 614
710 736 918
computeMST took 2.968073e-03 seconds.
